<?xml version="1.0" encoding="UTF-8"?>
<!-- Generated by org.testng.reporters.JUnitXMLReporter -->
<testsuite hostname="laptop" name="Default test" tests="3" failures="0" timestamp="16 Jan 2021 01:17:48 GMT" time="24.063" errors="0">
  <testcase name="scenario1" time="0.009" classname="base.tests.RunTestNG"/>
  <testcase name="scenario3" time="0.001" classname="base.tests.RunTestNG"/>
  <testcase name="scenario2" time="23.201" classname="base.tests.RunTestNG"/>
</testsuite> <!-- Default test -->
