<?xml version="1.0" encoding="UTF-8"?>
<testng-results skipped="0" failed="0" total="3" passed="3">
  <reporter-output>
  </reporter-output>
  <suite name="Default suite" duration-ms="24063" started-at="2021-01-16T01:17:24Z" finished-at="2021-01-16T01:17:48Z">
    <groups>
    </groups>
    <test name="Default test" duration-ms="24063" started-at="2021-01-16T01:17:24Z" finished-at="2021-01-16T01:17:48Z">
      <class name="base.tests.RunTestNG">
        <test-method status="PASS" signature="startClass()[pri:0, instance:base.tests.RunTestNG@11531931]" name="startClass" is-config="true" duration-ms="381" started-at="2021-01-15T20:17:24Z" finished-at="2021-01-15T20:17:24Z">
          <reporter-output>
          </reporter-output>
        </test-method> <!-- startClass -->
        <test-method status="PASS" signature="scenario1()[pri:0, instance:base.tests.RunTestNG@11531931]" name="scenario1" duration-ms="9" started-at="2021-01-15T20:17:24Z" finished-at="2021-01-15T20:17:24Z">
          <reporter-output>
          </reporter-output>
        </test-method> <!-- scenario1 -->
        <test-method status="PASS" signature="scenario3()[pri:0, instance:base.tests.RunTestNG@11531931]" name="scenario3" duration-ms="1" started-at="2021-01-15T20:17:24Z" finished-at="2021-01-15T20:17:24Z">
          <reporter-output>
          </reporter-output>
        </test-method> <!-- scenario3 -->
        <test-method status="PASS" signature="scenario2()[pri:0, instance:base.tests.RunTestNG@11531931]" name="scenario2" duration-ms="23201" started-at="2021-01-15T20:17:24Z" finished-at="2021-01-15T20:17:48Z">
          <reporter-output>
          </reporter-output>
        </test-method> <!-- scenario2 -->
        <test-method status="PASS" signature="endClass()[pri:0, instance:base.tests.RunTestNG@11531931]" name="endClass" is-config="true" duration-ms="446" started-at="2021-01-15T20:17:48Z" finished-at="2021-01-15T20:17:48Z">
          <reporter-output>
          </reporter-output>
        </test-method> <!-- endClass -->
      </class> <!-- base.tests.RunTestNG -->
    </test> <!-- Default test -->
  </suite> <!-- Default suite -->
</testng-results>
